1349610333 Sun, 07 Oct 2012 13:45:33 +0200

$_SERVER] HTTP_HOST: localhost
$_SERVER] HTTP_CONNECTION: keep-alive
$_SERVER] HTTP_DESCRIPTION: false
$_SERVER] HTTP_PASSWORD: password
$_SERVER] HTTP_LASTUPDATE: false
$_SERVER] HTTP_USER_AGENT: Mozilla/5.0 (X11; Linux x86_64) AppleWebKit/536.11 (KHTML, like Gecko) Chrome/20.0.1132.47 Safari/536.11
$_SERVER] CONTENT_TYPE: application/json
$_SERVER] HTTP_USERNAME: user2
$_SERVER] HTTP_ACCEPT: */*
$_SERVER] HTTP_ACCEPT_ENCODING: gzip,deflate,sdch
$_SERVER] HTTP_ACCEPT_LANGUAGE: en-US,en;q=0.8,de-DE;q=0.6,de;q=0.4
$_SERVER] HTTP_ACCEPT_CHARSET: ISO-8859-1,utf-8;q=0.7,*;q=0.3
$_SERVER] HTTP_COOKIE: PHPSESSID=mo2cqdh78irncfrki5cca2g205
$_SERVER] PATH: /usr/local/bin:/usr/bin:/bin
$_SERVER] SERVER_SIGNATURE: <address>Apache/2.2.22 (Ubuntu) Server at localhost Port 80</address>

$_SERVER] SERVER_SOFTWARE: Apache/2.2.22 (Ubuntu)
$_SERVER] SERVER_NAME: localhost
$_SERVER] SERVER_ADDR: 127.0.0.1
$_SERVER] SERVER_PORT: 80
$_SERVER] REMOTE_ADDR: 127.0.0.1
$_SERVER] DOCUMENT_ROOT: /var/www
$_SERVER] SERVER_ADMIN: webmaster@localhost
$_SERVER] SCRIPT_FILENAME: /home/alex/_VaWI/_projektarbeiten/_projektarbeit2/_content/git/ProjektArbeit2/index.php
$_SERVER] REMOTE_PORT: 53388
$_SERVER] GATEWAY_INTERFACE: CGI/1.1
$_SERVER] SERVER_PROTOCOL: HTTP/1.1
$_SERVER] REQUEST_METHOD: GET
$_SERVER] QUERY_STRING: 
$_SERVER] REQUEST_URI: /_VaWI/_projektarbeiten/_projektarbeit2/_content/git/ProjektArbeit2/index.php/api/get/getContacts/
$_SERVER] SCRIPT_NAME: /_VaWI/_projektarbeiten/_projektarbeit2/_content/git/ProjektArbeit2/index.php
$_SERVER] PATH_INFO: /api/get/getContacts/
$_SERVER] PATH_TRANSLATED: /var/www/api/get/getContacts/
$_SERVER] PHP_SELF: /_VaWI/_projektarbeiten/_projektarbeit2/_content/git/ProjektArbeit2/index.php/api/get/getContacts/
$_SERVER] PHP_AUTH_USER: umfrage
$_SERVER] PHP_AUTH_PW: umfrage
$_SERVER] REQUEST_TIME: 1349610333

$version: 1
$lastupdate: 

